<?xml version="1.0" encoding="UTF-8"?>
<!-- Generated by org.testng.reporters.JUnitReportReporter -->
<testsuite hostname="LAPTOP-RPC21CH1" failures="0" tests="1" name="org.TestCases.TCs_LoginPage" time="51.538" errors="0" timestamp="2023-01-31T23:01:21 IST" skipped="0">
  <testcase classname="org.TestCases.TCs_LoginPage" name="verifyLoginPageTitle" time="51.538"/>
  <system-out/>
</testsuite> <!-- org.TestCases.TCs_LoginPage -->
